# JRE version: OpenJDK Runtime Environment 18.9 (11.0.11+9) (build 11.0.11+9)
# Java VM: OpenJDK 64-Bit Server VM 18.9 (11.0.11+9, mixed mode, tiered, compressed oops, g1 gc, windows-amd64)
Heap:
 garbage-first heap   total 262144K, used 126310K [0x0000000740000000, 0x0000000800000000)
  region size 1024K, 49 young (50176K), 3 survivors (3072K)
 Metaspace       used 96285K, capacity 98296K, committed 98952K, reserved 1134592K
  class space    used 12518K, capacity 13399K, committed 13696K, reserved 1048576K
GC Heap History (20 events):
Event: 47532.912 GC heap before
{Heap before GC invocations=298 (full 15):
 garbage-first heap   total 262144K, used 137164K [0x0000000740000000, 0x0000000800000000)
  region size 1024K, 60 young (61440K), 2 survivors (2048K)
 Metaspace       used 96133K, capacity 98090K, committed 98696K, reserved 1134592K
  class space    used 12517K, capacity 13399K, committed 13696K, reserved 1048576K
}
Event: 47532.914 GC heap after
{Heap after GC invocations=299 (full 15):
 garbage-first heap   total 262144K, used 78761K [0x0000000740000000, 0x0000000800000000)
  region size 1024K, 2 young (2048K), 2 survivors (2048K)
 Metaspace       used 96133K, capacity 98090K, committed 98696K, reserved 1134592K
  class space    used 12517K, capacity 13399K, committed 13696K, reserved 1048576K
}
Event: 47537.316 GC heap before
{Heap before GC invocations=299 (full 15):
 garbage-first heap   total 262144K, used 138153K [0x0000000740000000, 0x0000000800000000)
  region size 1024K, 61 young (62464K), 2 survivors (2048K)
 Metaspace       used 96182K, capacity 98155K, committed 98696K, reserved 1134592K
  class space    used 12518K, capacity 13399K, committed 13696K, reserved 1048576K
}
Event: 47537.317 GC heap after
{Heap after GC invocations=300 (full 15):
 garbage-first heap   total 262144K, used 79149K [0x0000000740000000, 0x0000000800000000)
  region size 1024K, 2 young (2048K), 2 survivors (2048K)
 Metaspace       used 96182K, capacity 98155K, committed 98696K, reserved 1134592K
  class space    used 12518K, capacity 13399K, committed 13696K, reserved 1048576K
}
Event: 47539.000 GC heap before
{Heap before GC invocations=300 (full 15):
 garbage-first heap   total 262144K, used 138541K [0x0000000740000000, 0x0000000800000000)
  region size 1024K, 60 young (61440K), 2 survivors (2048K)
 Metaspace       used 96201K, capacity 98155K, committed 98696K, reserved 1134592K
  class space    used 12518K, capacity 13399K, committed 13696K, reserved 1048576K
}
Event: 47539.001 GC heap after
{Heap after GC invocations=301 (full 15):
 garbage-first heap   total 262144K, used 79198K [0x0000000740000000, 0x0000000800000000)
  region size 1024K, 2 young (2048K), 2 survivors (2048K)
 Metaspace       used 96201K, capacity 98155K, committed 98696K, reserved 1134592K
  class space    used 12518K, capacity 13399K, committed 13696K, reserved 1048576K
}
Event: 47546.053 GC heap before
{Heap before GC invocations=301 (full 15):
 garbage-first heap   total 262144K, used 138590K [0x0000000740000000, 0x0000000800000000)
  region size 1024K, 60 young (61440K), 2 survivors (2048K)
 Metaspace       used 96220K, capacity 98155K, committed 98696K, reserved 1134592K
  class space    used 12518K, capacity 13399K, committed 13696K, reserved 1048576K
}
Event: 47546.055 GC heap after
{Heap after GC invocations=302 (full 15):
 garbage-first heap   total 262144K, used 80177K [0x0000000740000000, 0x0000000800000000)
  region size 1024K, 3 young (3072K), 3 survivors (3072K)
 Metaspace       used 96220K, capacity 98155K, committed 98696K, reserved 1134592K
  class space    used 12518K, capacity 13399K, committed 13696K, reserved 1048576K
}
Event: 47549.245 GC heap before
{Heap before GC invocations=302 (full 15):
 garbage-first heap   total 262144K, used 138545K [0x0000000740000000, 0x0000000800000000)
  region size 1024K, 60 young (61440K), 3 survivors (3072K)
 Metaspace       used 96229K, capacity 98223K, committed 98952K, reserved 1134592K
  class space    used 12518K, capacity 13399K, committed 13696K, reserved 1048576K
}
Event: 47549.246 GC heap after
{Heap after GC invocations=303 (full 15):
 garbage-first heap   total 262144K, used 79382K [0x0000000740000000, 0x0000000800000000)
  region size 1024K, 2 young (2048K), 2 survivors (2048K)
 Metaspace       used 96229K, capacity 98223K, committed 98952K, reserved 1134592K
  class space    used 12518K, capacity 13399K, committed 13696K, reserved 1048576K
}
Event: 47554.071 GC heap before
{Heap before GC invocations=303 (full 15):
 garbage-first heap   total 262144K, used 138774K [0x0000000740000000, 0x0000000800000000)
  region size 1024K, 60 young (61440K), 2 survivors (2048K)
 Metaspace       used 96234K, capacity 98223K, committed 98952K, reserved 1134592K
  class space    used 12518K, capacity 13399K, committed 13696K, reserved 1048576K
}
Event: 47554.073 GC heap after
{Heap after GC invocations=304 (full 15):
 garbage-first heap   total 262144K, used 80130K [0x0000000740000000, 0x0000000800000000)
  region size 1024K, 3 young (3072K), 3 survivors (3072K)
 Metaspace       used 96234K, capacity 98223K, committed 98952K, reserved 1134592K
  class space    used 12518K, capacity 13399K, committed 13696K, reserved 1048576K
}
Event: 47562.058 GC heap before
{Heap before GC invocations=304 (full 15):
 garbage-first heap   total 262144K, used 137474K [0x0000000740000000, 0x0000000800000000)
  region size 1024K, 60 young (61440K), 3 survivors (3072K)
 Metaspace       used 96239K, capacity 98287K, committed 98952K, reserved 1134592K
  class space    used 12518K, capacity 13399K, committed 13696K, reserved 1048576K
}
Event: 47562.059 GC heap after
{Heap after GC invocations=305 (full 15):
 garbage-first heap   total 262144K, used 80061K [0x0000000740000000, 0x0000000800000000)
  region size 1024K, 3 young (3072K), 3 survivors (3072K)
 Metaspace       used 96239K, capacity 98287K, committed 98952K, reserved 1134592K
  class space    used 12518K, capacity 13399K, committed 13696K, reserved 1048576K
}
Event: 47564.098 GC heap before
{Heap before GC invocations=305 (full 15):
 garbage-first heap   total 262144K, used 138429K [0x0000000740000000, 0x0000000800000000)
  region size 1024K, 60 young (61440K), 3 survivors (3072K)
 Metaspace       used 96270K, capacity 98292K, committed 98952K, reserved 1134592K
  class space    used 12518K, capacity 13399K, committed 13696K, reserved 1048576K
}
Event: 47564.100 GC heap after
{Heap after GC invocations=306 (full 15):
 garbage-first heap   total 262144K, used 79891K [0x0000000740000000, 0x0000000800000000)
  region size 1024K, 2 young (2048K), 2 survivors (2048K)
 Metaspace       used 96270K, capacity 98292K, committed 98952K, reserved 1134592K
  class space    used 12518K, capacity 13399K, committed 13696K, reserved 1048576K
}
Event: 47565.795 GC heap before
{Heap before GC invocations=306 (full 15):
 garbage-first heap   total 262144K, used 138259K [0x0000000740000000, 0x0000000800000000)
  region size 1024K, 60 young (61440K), 2 survivors (2048K)
 Metaspace       used 96272K, capacity 98292K, committed 98952K, reserved 1134592K
  class space    used 12518K, capacity 13399K, committed 13696K, reserved 1048576K
}
Event: 47565.796 GC heap after
{Heap after GC invocations=307 (full 15):
 garbage-first heap   total 262144K, used 79368K [0x0000000740000000, 0x0000000800000000)
  region size 1024K, 2 young (2048K), 2 survivors (2048K)
 Metaspace       used 96272K, capacity 98292K, committed 98952K, reserved 1134592K
  class space    used 12518K, capacity 13399K, committed 13696K, reserved 1048576K
}
Event: 47572.109 GC heap before
{Heap before GC invocations=307 (full 15):
 garbage-first heap   total 262144K, used 138760K [0x0000000740000000, 0x0000000800000000)
  region size 1024K, 60 young (61440K), 2 survivors (2048K)
 Metaspace       used 96275K, capacity 98292K, committed 98952K, reserved 1134592K
  class space    used 12518K, capacity 13399K, committed 13696K, reserved 1048576K
}
Event: 47572.111 GC heap after
{Heap after GC invocations=308 (full 15):
 garbage-first heap   total 262144K, used 80230K [0x0000000740000000, 0x0000000800000000)
  region size 1024K, 3 young (3072K), 3 survivors (3072K)
 Metaspace       used 96275K, capacity 98292K, committed 98952K, reserved 1134592K
  class space    used 12518K, capacity 13399K, committed 13696K, reserved 1048576K
}

